#
# A fatal error has been detected by the Java Runtime Environment:
#
#  EXCEPTION_ACCESS_VIOLATION (0xc0000005) at pc=0x0000000069259738, pid=4780, tid=0x0000000000000f84
#
# JRE version: Java(TM) SE Runtime Environment (8.0_92-b14) (build 1.8.0_92-b14)
# Java VM: Java HotSpot(TM) 64-Bit Server VM (25.92-b14 mixed mode windows-amd64 compressed oops)
# Problematic frame:
# V  [jvm.dll+0x139738]
#
# Failed to write core dump. Minidumps are not enabled by default on client versions of Windows
#
# If you would like to submit a bug report, please visit:
#   http://bugreport.java.com/bugreport/crash.jsp
#

---------------  T H R E A D  ---------------

Current thread (0x00000000021a1000):  GCTaskThread [stack: 0x0000000012410000,0x0000000012510000] [id=3972]

siginfo: ExceptionCode=0xc0000005, reading address 0xffffffffffffffff

Registers:
RAX=0x0000000012510000, RBX=0x0000000000000024, RCX=0x0000000000000000, RDX=0x0000000000000000
RSP=0x000000001250f4c0, RBP=0x0000000056156e70, RSI=0x00000000a5340ad0, RDI=0x0000000000010000
R8 =0x007fffffffb00080, R9 =0x0000000056156e70, R10=0x00000000000002ef, R11=0x00000000a3930a88
R12=0x00000000a5340e20, R13=0x0000000000008600, R14=0x00000000a531f610, R15=0x0000000000040000
RIP=0x0000000069259738, EFLAGS=0x0000000000010246

Top of Stack: (sp=0x000000001250f4c0)
0x000000001250f4c0:   00000000569817b8 0000000069233d2a
0x000000001250f4d0:   0000000015ec1618 00000000694cceb9
0x000000001250f4e0:   0000000000000003 000000006933c2b2
0x000000001250f4f0:   0000000000000000 00000000000003d8
0x000000001250f500:   00000000021a1678 0000000000008400
0x000000001250f510:   0000000000000024 000000006951465a
0x000000001250f520:   0000000056156e70 00000000a531f610
0x000000001250f530:   00000000021a12a0 0000004900000024
0x000000001250f540:   00000b76000002b8 00000b77000002b8
0x000000001250f550:   00001b53703e0658 00000000a531f610
0x000000001250f560:   0000000000008400 00000000021a1678
0x000000001250f570:   00000000021a12a0 00000000021a1290
0x000000001250f580:   00000000584c9a00 00000000021a1678
0x000000001250f590:   00000000021a12a0 00000000000003d8
0x000000001250f5a0:   00000000021a12a0 0000000002199ac0
0x000000001250f5b0:   00000000021a1290 00000000584c9a00 

Instructions: (pc=0x0000000069259738)
0x0000000069259718:   05 d3 cd 6d 00 49 c1 e8 03 49 d3 e8 41 0f b6 c0
0x0000000069259728:   49 c1 e8 06 24 3f 0f b6 d0 48 8b 05 e8 cd 6d 00
0x0000000069259738:   4a 8b 0c c0 48 0f a3 d1 72 3e 48 8b cf e8 96 0e
0x0000000069259748:   fd ff 84 c0 74 32 48 8b d7 48 8b cd e8 67 dd fc 


Register to memory mapping:

RAX=0x0000000012510000 is an unknown value
RBX=0x0000000000000024 is an unknown value
RCX=0x0000000000000000 is an unknown value
RDX=0x0000000000000000 is an unknown value
RSP=0x000000001250f4c0 is an unknown value
RBP=0x0000000056156e70 is an unknown value
RSI=0x00000000a5340ad0 is pointing into object: 0x00000000a531f610
[Ljava.util.concurrent.ConcurrentHashMap$Node; 
 - klass: 'java/util/concurrent/ConcurrentHashMap$Node'[]
 - length: 262144
RDI=0x0000000000010000 is an unknown value
R8 =0x007fffffffb00080 is an unknown value
R9 =0x0000000056156e70 is an unknown value
R10=0x00000000000002ef is an unknown value
R11=0x00000000a3930a88 is an oop
java.util.concurrent.ConcurrentHashMap$Node 
 - klass: 'java/util/concurrent/ConcurrentHashMap$Node'
R12=0x00000000a5340e20 is pointing into object: 0x00000000a531f610
[Ljava.util.concurrent.ConcurrentHashMap$Node; 
 - klass: 'java/util/concurrent/ConcurrentHashMap$Node'[]
 - length: 262144
R13=0x0000000000008600 is an unknown value
R14=0x00000000a531f610 is an oop
[Ljava.util.concurrent.ConcurrentHashMap$Node; 
 - klass: 'java/util/concurrent/ConcurrentHashMap$Node'[]
 - length: 262144
R15=0x0000000000040000 is an unknown value


Stack: [0x0000000012410000,0x0000000012510000],  sp=0x000000001250f4c0,  free space=1021k
Native frames: (J=compiled Java code, j=interpreted, Vv=VM code, C=native code)
V  [jvm.dll+0x139738]
V  [jvm.dll+0x3f465a]
V  [jvm.dll+0x3f11c3]
V  [jvm.dll+0x3eefbe]
V  [jvm.dll+0x29b34a]
C  [msvcr100.dll+0x21d9f]
C  [msvcr100.dll+0x21e3b]
C  [kernel32.dll+0x159ed]
C  [ntdll.dll+0x2c541]


---------------  P R O C E S S  ---------------

Java Threads: ( => current thread )
  0x0000000059761000 JavaThread "pool-10-thread-4" [_thread_blocked, id=5312, stack(0x0000000062860000,0x0000000062960000)]
  0x0000000059762800 JavaThread "pool-10-thread-2" [_thread_blocked, id=2516, stack(0x0000000061ac0000,0x0000000061bc0000)]
  0x000000005975c800 JavaThread "pool-10-thread-3" [_thread_blocked, id=2104, stack(0x0000000062660000,0x0000000062760000)]
  0x000000005975f800 JavaThread "pool-10-thread-1" [_thread_blocked, id=5816, stack(0x000000005d8c0000,0x000000005d9c0000)]
  0x0000000059760000 JavaThread "pool-9-thread-4" [_thread_blocked, id=3464, stack(0x000000005a540000,0x000000005a640000)]
  0x0000000059761800 JavaThread "pool-9-thread-3" [_thread_blocked, id=5588, stack(0x0000000062460000,0x0000000062560000)]
  0x000000005975b800 JavaThread "pool-9-thread-2" [_thread_blocked, id=3260, stack(0x0000000061980000,0x0000000061a80000)]
  0x000000005975d000 JavaThread "pool-9-thread-1" [_thread_blocked, id=4504, stack(0x000000005a760000,0x000000005a860000)]
  0x000000005975a000 JavaThread "Stdin handler" [_thread_blocked, id=2940, stack(0x000000005c3a0000,0x000000005c4a0000)]
  0x0000000059756800 JavaThread "Asynchronous log dispatcher for org.gradle.launcher.daemon.server.DefaultDaemonConnection@1fb2ce7a" [_thread_blocked, id=2264, stack(0x000000005a9b0000,0x000000005aab0000)]
  0x0000000059758800 JavaThread "Cancel handler" [_thread_blocked, id=2464, stack(0x000000005a640000,0x000000005a740000)]
  0x0000000059758000 JavaThread "Handler for socket connection from /127.0.0.1:49214 to /127.0.0.1:49650" [_thread_in_native, id=2948, stack(0x000000005a140000,0x000000005a240000)]
  0x0000000059759800 JavaThread "Daemon worker Thread 2" [_thread_blocked, id=5796, stack(0x000000005a870000,0x000000005a970000)]
  0x0000000059757000 JavaThread "Daemon Thread 2" [_thread_blocked, id=3880, stack(0x0000000059da0000,0x0000000059ea0000)]
  0x0000000059755800 JavaThread "File lock request listener" [_thread_in_native, id=3500, stack(0x000000005ab60000,0x000000005ac60000)]
  0x0000000059287800 JavaThread "Incoming local TCP Connector on port 49214" [_thread_in_native, id=1980, stack(0x000000005a240000,0x000000005a340000)]
  0x0000000058ee4000 JavaThread "pool-1-thread-1" [_thread_blocked, id=1936, stack(0x0000000059fd0000,0x000000005a0d0000)]
  0x0000000057a4a800 JavaThread "Service Thread" daemon [_thread_blocked, id=2740, stack(0x0000000057fe0000,0x00000000580e0000)]
  0x00000000579b3800 JavaThread "C1 CompilerThread2" daemon [_thread_blocked, id=4048, stack(0x00000000580e0000,0x00000000581e0000)]
  0x000000005620a000 JavaThread "C2 CompilerThread1" daemon [_thread_blocked, id=4052, stack(0x0000000057e90000,0x0000000057f90000)]
  0x0000000056205000 JavaThread "C2 CompilerThread0" daemon [_thread_blocked, id=1240, stack(0x00000000578b0000,0x00000000579b0000)]
  0x0000000056201800 JavaThread "Attach Listener" daemon [_thread_blocked, id=3580, stack(0x00000000576d0000,0x00000000577d0000)]
  0x00000000561ff000 JavaThread "Signal Dispatcher" daemon [_thread_blocked, id=4772, stack(0x00000000574d0000,0x00000000575d0000)]
  0x00000000561e9000 JavaThread "Finalizer" daemon [_thread_blocked, id=4732, stack(0x00000000575d0000,0x00000000576d0000)]
  0x00000000561a2000 JavaThread "Reference Handler" daemon [_thread_blocked, id=3276, stack(0x0000000057360000,0x0000000057460000)]
  0x000000000017d800 JavaThread "main" [_thread_blocked, id=4804, stack(0x0000000002250000,0x0000000002350000)]

Other Threads:
  0x000000005619a000 VMThread [stack: 0x00000000571f0000,0x00000000572f0000] [id=3388]
  0x0000000057a61000 WatcherThread [stack: 0x0000000058270000,0x0000000058370000] [id=2540]

=>0x00000000021a1000 (exited) GCTaskThread [stack: 0x0000000012410000,0x0000000012510000] [id=3972]

VM state:at safepoint (normal execution)

VM Mutex/Monitor currently owned by a thread:  ([mutex/lock_event])
[0x000000000017c000] Threads_lock - owner thread: 0x000000005619a000
[0x000000000017c500] Heap_lock - owner thread: 0x0000000059759800

Heap:
 PSYoungGen      total 467968K, used 31715K [0x00000000e0000000, 0x0000000100000000, 0x0000000100000000)
  eden space 411648K, 0% used [0x00000000e0000000,0x00000000e0000000,0x00000000f9200000)
  from space 56320K, 56% used [0x00000000fc900000,0x00000000fe7f8d38,0x0000000100000000)
  to   space 56320K, 0% used [0x00000000f9200000,0x00000000f9200000,0x00000000fc900000)
 ParOldGen       total 100352K, used 87047K [0x00000000a0000000, 0x00000000a6200000, 0x00000000e0000000)
  object space 100352K, 86% used [0x00000000a0000000,0x00000000a5501d30,0x00000000a6200000)
 Metaspace       used 67497K, capacity 69340K, committed 70784K, reserved 1110016K
  class space    used 8690K, capacity 9004K, committed 9344K, reserved 1048576K

Card table byte_map: [0x00000000119e0000,0x0000000011cf0000] byte_map_base: 0x00000000114e0000

Marking Bits: (ParMarkBitMap*) 0x00000000699364f0
 Begin Bits: [0x0000000012510000, 0x0000000013d10000)
 End Bits:   [0x0000000013d10000, 0x0000000015510000)

Polling page: 0x0000000000140000

CodeCache: size=245760Kb used=42806Kb max_used=42806Kb free=202953Kb
 bounds [0x0000000002620000, 0x0000000005020000, 0x0000000011620000]
 total_blobs=13462 nmethods=12707 adapters=666
 compilation: enabled

Compilation events (10 events):
Event: 5627.023 Thread 0x00000000579b3800 nmethod 15828 0x0000000005019d50 code [0x0000000005019ec0, 0x000000000501a110]
Event: 5627.023 Thread 0x00000000579b3800 15829       2       sun.util.calendar.CalendarDate::setDayOfWeek (6 bytes)
Event: 5627.024 Thread 0x00000000579b3800 nmethod 15829 0x000000000501a250 code [0x000000000501a3a0, 0x000000000501a4f0]
Event: 5627.024 Thread 0x00000000579b3800 15827  s    2       java.io.ByteArrayInputStream::skip (43 bytes)
Event: 5627.024 Thread 0x00000000579b3800 nmethod 15827 0x000000000501a550 code [0x000000000501a6a0, 0x000000000501a990]
Event: 5627.024 Thread 0x00000000579b3800 15830       2       java.security.Provider::parseLegacyPut (457 bytes)
Event: 5627.025 Thread 0x00000000579b3800 nmethod 15830 0x000000000501aa50 code [0x000000000501ada0, 0x000000000501bb98]
Event: 5627.027 Thread 0x00000000579b3800 15831       2       java.math.BigInteger::stripLeadingZeroBytes (132 bytes)
Event: 5627.027 Thread 0x00000000579b3800 nmethod 15831 0x000000000501ca50 code [0x000000000501cbc0, 0x000000000501cf70]
Event: 5627.029 Thread 0x00000000579b3800 15832 %     3       sun.nio.cs.UTF_8$Decoder::decodeArrayLoop @ 73 (691 bytes)

GC Heap History (10 events):
Event: 5622.051 GC heap after
Heap after GC invocations=18 (full 4):
 PSYoungGen      total 282624K, used 19856K [0x00000000e0000000, 0x00000000f6480000, 0x0000000100000000)
  eden space 251904K, 0% used [0x00000000e0000000,0x00000000e0000000,0x00000000ef600000)
  from space 30720K, 64% used [0x00000000f1480000,0x00000000f27e4300,0x00000000f3280000)
  to   space 31232K, 0% used [0x00000000ef600000,0x00000000ef600000,0x00000000f1480000)
 ParOldGen       total 100352K, used 52785K [0x00000000a0000000, 0x00000000a6200000, 0x00000000e0000000)
  object space 100352K, 52% used [0x00000000a0000000,0x00000000a338c6b8,0x00000000a6200000)
 Metaspace       used 65701K, capacity 67544K, committed 69120K, reserved 1110016K
  class space    used 8539K, capacity 8848K, committed 9216K, reserved 1048576K
}
Event: 5623.143 GC heap before
{Heap before GC invocations=19 (full 4):
 PSYoungGen      total 282624K, used 271760K [0x00000000e0000000, 0x00000000f6480000, 0x0000000100000000)
  eden space 251904K, 100% used [0x00000000e0000000,0x00000000ef600000,0x00000000ef600000)
  from space 30720K, 64% used [0x00000000f1480000,0x00000000f27e4300,0x00000000f3280000)
  to   space 31232K, 0% used [0x00000000ef600000,0x00000000ef600000,0x00000000f1480000)
 ParOldGen       total 100352K, used 52785K [0x00000000a0000000, 0x00000000a6200000, 0x00000000e0000000)
  object space 100352K, 52% used [0x00000000a0000000,0x00000000a338c6b8,0x00000000a6200000)
 Metaspace       used 66035K, capacity 67864K, committed 69376K, reserved 1110016K
  class space    used 8542K, capacity 8848K, committed 9216K, reserved 1048576K
Event: 5623.203 GC heap after
Heap after GC invocations=19 (full 4):
 PSYoungGen      total 283136K, used 28717K [0x00000000e0000000, 0x00000000f8580000, 0x0000000100000000)
  eden space 251904K, 0% used [0x00000000e0000000,0x00000000e0000000,0x00000000ef600000)
  from space 31232K, 91% used [0x00000000ef600000,0x00000000f120b488,0x00000000f1480000)
  to   space 35328K, 0% used [0x00000000f6300000,0x00000000f6300000,0x00000000f8580000)
 ParOldGen       total 100352K, used 52793K [0x00000000a0000000, 0x00000000a6200000, 0x00000000e0000000)
  object space 100352K, 52% used [0x00000000a0000000,0x00000000a338e6b8,0x00000000a6200000)
 Metaspace       used 66035K, capacity 67864K, committed 69376K, reserved 1110016K
  class space    used 8542K, capacity 8848K, committed 9216K, reserved 1048576K
}
Event: 5624.121 GC heap before
{Heap before GC invocations=20 (full 4):
 PSYoungGen      total 283136K, used 280621K [0x00000000e0000000, 0x00000000f8580000, 0x0000000100000000)
  eden space 251904K, 100% used [0x00000000e0000000,0x00000000ef600000,0x00000000ef600000)
  from space 31232K, 91% used [0x00000000ef600000,0x00000000f120b488,0x00000000f1480000)
  to   space 35328K, 0% used [0x00000000f6300000,0x00000000f6300000,0x00000000f8580000)
 ParOldGen       total 100352K, used 52793K [0x00000000a0000000, 0x00000000a6200000, 0x00000000e0000000)
  object space 100352K, 52% used [0x00000000a0000000,0x00000000a338e6b8,0x00000000a6200000)
 Metaspace       used 66298K, capacity 68056K, committed 69632K, reserved 1110016K
  class space    used 8543K, capacity 8848K, committed 9216K, reserved 1048576K
Event: 5624.179 GC heap after
Heap after GC invocations=20 (full 4):
 PSYoungGen      total 357888K, used 35325K [0x00000000e0000000, 0x00000000f9f00000, 0x0000000100000000)
  eden space 322560K, 0% used [0x00000000e0000000,0x00000000e0000000,0x00000000f3b00000)
  from space 35328K, 99% used [0x00000000f6300000,0x00000000f857f5b8,0x00000000f8580000)
  to   space 40960K, 0% used [0x00000000f3b00000,0x00000000f3b00000,0x00000000f6300000)
 ParOldGen       total 100352K, used 53998K [0x00000000a0000000, 0x00000000a6200000, 0x00000000e0000000)
  object space 100352K, 53% used [0x00000000a0000000,0x00000000a34bb9d8,0x00000000a6200000)
 Metaspace       used 66298K, capacity 68056K, committed 69632K, reserved 1110016K
  class space    used 8543K, capacity 8848K, committed 9216K, reserved 1048576K
}
Event: 5625.077 GC heap before
{Heap before GC invocations=21 (full 4):
 PSYoungGen      total 357888K, used 357885K [0x00000000e0000000, 0x00000000f9f00000, 0x0000000100000000)
  eden space 322560K, 100% used [0x00000000e0000000,0x00000000f3b00000,0x00000000f3b00000)
  from space 35328K, 99% used [0x00000000f6300000,0x00000000f857f5b8,0x00000000f8580000)
  to   space 40960K, 0% used [0x00000000f3b00000,0x00000000f3b00000,0x00000000f6300000)
 ParOldGen       total 100352K, used 53998K [0x00000000a0000000, 0x00000000a6200000, 0x00000000e0000000)
  object space 100352K, 53% used [0x00000000a0000000,0x00000000a34bb9d8,0x00000000a6200000)
 Metaspace       used 66319K, capacity 68056K, committed 69632K, reserved 1110016K
  class space    used 8544K, capacity 8848K, committed 9216K, reserved 1048576K
Event: 5625.191 GC heap after
Heap after GC invocations=21 (full 4):
 PSYoungGen      total 363520K, used 40948K [0x00000000e0000000, 0x0000000100000000, 0x0000000100000000)
  eden space 322560K, 0% used [0x00000000e0000000,0x00000000e0000000,0x00000000f3b00000)
  from space 40960K, 99% used [0x00000000f3b00000,0x00000000f62fd220,0x00000000f6300000)
  to   space 56320K, 0% used [0x00000000fc900000,0x00000000fc900000,0x0000000100000000)
 ParOldGen       total 100352K, used 78690K [0x00000000a0000000, 0x00000000a6200000, 0x00000000e0000000)
  object space 100352K, 78% used [0x00000000a0000000,0x00000000a4cd89f0,0x00000000a6200000)
 Metaspace       used 66319K, capacity 68056K, committed 69632K, reserved 1110016K
  class space    used 8544K, capacity 8848K, committed 9216K, reserved 1048576K
}
Event: 5627.030 GC heap before
{Heap before GC invocations=22 (full 4):
 PSYoungGen      total 363520K, used 363508K [0x00000000e0000000, 0x0000000100000000, 0x0000000100000000)
  eden space 322560K, 100% used [0x00000000e0000000,0x00000000f3b00000,0x00000000f3b00000)
  from space 40960K, 99% used [0x00000000f3b00000,0x00000000f62fd220,0x00000000f6300000)
  to   space 56320K, 0% used [0x00000000fc900000,0x00000000fc900000,0x0000000100000000)
 ParOldGen       total 100352K, used 78690K [0x00000000a0000000, 0x00000000a6200000, 0x00000000e0000000)
  object space 100352K, 78% used [0x00000000a0000000,0x00000000a4cd89f0,0x00000000a6200000)
 Metaspace       used 67497K, capacity 69340K, committed 70784K, reserved 1110016K
  class space    used 8690K, capacity 9004K, committed 9344K, reserved 1048576K
Event: 5627.116 GC heap after
Heap after GC invocations=22 (full 4):
 PSYoungGen      total 467968K, used 31715K [0x00000000e0000000, 0x0000000100000000, 0x0000000100000000)
  eden space 411648K, 0% used [0x00000000e0000000,0x00000000e0000000,0x00000000f9200000)
  from space 56320K, 56% used [0x00000000fc900000,0x00000000fe7f8d38,0x0000000100000000)
  to   space 56320K, 0% used [0x00000000f9200000,0x00000000f9200000,0x00000000fc900000)
 ParOldGen       total 100352K, used 87047K [0x00000000a0000000, 0x00000000a6200000, 0x00000000e0000000)
  object space 100352K, 86% used [0x00000000a0000000,0x00000000a5501d30,0x00000000a6200000)
 Metaspace       used 67497K, capacity 69340K, committed 70784K, reserved 1110016K
  class space    used 8690K, capacity 9004K, committed 9344K, reserved 1048576K
}
Event: 5627.116 GC heap before
{Heap before GC invocations=23 (full 5):
 PSYoungGen      total 467968K, used 31715K [0x00000000e0000000, 0x0000000100000000, 0x0000000100000000)
  eden space 411648K, 0% used [0x00000000e0000000,0x00000000e0000000,0x00000000f9200000)
  from space 56320K, 56% used [0x00000000fc900000,0x00000000fe7f8d38,0x0000000100000000)
  to   space 56320K, 0% used [0x00000000f9200000,0x00000000f9200000,0x00000000fc900000)
 ParOldGen       total 100352K, used 87047K [0x00000000a0000000, 0x00000000a6200000, 0x00000000e0000000)
  object space 100352K, 86% used [0x00000000a0000000,0x00000000a5501d30,0x00000000a6200000)
 Metaspace       used 67497K, capacity 69340K, committed 70784K, reserved 1110016K
  class space    used 8690K, capacity 9004K, committed 9344K, reserved 1048576K

Deoptimization events (10 events):
Event: 5626.576 Thread 0x000000005975f800 Uncommon trap: reason=unstable_if action=reinterpret pc=0x00000000032e4ff0 method=java.util.Arrays$ArrayList.indexOf(Ljava/lang/Object;)I @ 6
Event: 5626.738 Thread 0x000000005975f800 Uncommon trap: reason=class_check action=maybe_recompile pc=0x0000000003487f68 method=java.lang.AbstractStringBuilder.append(Ljava/lang/CharSequence;)Ljava/lang/AbstractStringBuilder; @ 26
Event: 5626.738 Thread 0x000000005975f800 Uncommon trap: reason=class_check action=maybe_recompile pc=0x0000000002a4e040 method=java.lang.AbstractStringBuilder.append(Ljava/lang/CharSequence;II)Ljava/lang/AbstractStringBuilder; @ 18
Event: 5626.821 Thread 0x0000000059759800 Uncommon trap: reason=unstable_if action=reinterpret pc=0x0000000002ebed14 method=sun.nio.fs.WindowsPathParser.parse(Ljava/lang/String;Z)Lsun/nio/fs/WindowsPathParser$Result; @ 45
Event: 5626.957 Thread 0x0000000059759800 Uncommon trap: reason=bimorphic action=maybe_recompile pc=0x00000000041fbbf8 method=java.nio.charset.CharsetDecoder.reset()Ljava/nio/charset/CharsetDecoder; @ 1
Event: 5626.957 Thread 0x0000000059759800 Uncommon trap: reason=bimorphic action=maybe_recompile pc=0x00000000041fbbf8 method=java.nio.charset.CharsetDecoder.reset()Ljava/nio/charset/CharsetDecoder; @ 1
Event: 5626.964 Thread 0x0000000059759800 Uncommon trap: reason=bimorphic action=maybe_recompile pc=0x00000000041fbbf8 method=java.nio.charset.CharsetDecoder.reset()Ljava/nio/charset/CharsetDecoder; @ 1
Event: 5626.964 Thread 0x0000000059759800 Uncommon trap: reason=bimorphic action=maybe_recompile pc=0x00000000041fbbf8 method=java.nio.charset.CharsetDecoder.reset()Ljava/nio/charset/CharsetDecoder; @ 1
Event: 5627.023 Thread 0x0000000059759800 Uncommon trap: reason=unstable_if action=reinterpret pc=0x0000000004341e30 method=sun.util.calendar.BaseCalendar.getFixedDate(IIILsun/util/calendar/BaseCalendar$Date;)J @ 76
Event: 5627.027 Thread 0x0000000059759800 Uncommon trap: reason=unstable_if action=reinterpret pc=0x0000000002a6ae40 method=java.math.BigInteger.stripLeadingZeroBytes([B)[I @ 7

Internal exceptions (10 events):
Event: 5619.438 Thread 0x0000000059759800 Exception <a 'sun/nio/fs/WindowsException'> (0x00000000e626b090) thrown at [D:\re\workspace\8-2-build-windows-amd64-cygwin\jdk8u92\6642\hotspot\src\share\vm\prims\jni.cpp, line 709]
Event: 5619.438 Thread 0x0000000059759800 Exception <a 'sun/nio/fs/WindowsException'> (0x00000000e626cbe0) thrown at [D:\re\workspace\8-2-build-windows-amd64-cygwin\jdk8u92\6642\hotspot\src\share\vm\prims\jni.cpp, line 709]
Event: 5619.438 Thread 0x0000000059759800 Exception <a 'sun/nio/fs/WindowsException'> (0x00000000e626d728) thrown at [D:\re\workspace\8-2-build-windows-amd64-cygwin\jdk8u92\6642\hotspot\src\share\vm\prims\jni.cpp, line 709]
Event: 5619.710 Thread 0x0000000059759800 Implicit null exception at 0x0000000003404192 to 0x0000000003409259
Event: 5620.698 Thread 0x0000000059759800 Exception <a 'java/lang/NoSuchMethodError': <clinit>> (0x00000000e8fc3678) thrown at [D:\re\workspace\8-2-build-windows-amd64-cygwin\jdk8u92\6642\hotspot\src\share\vm\prims\jni.cpp, line 1613]
Event: 5620.732 Thread 0x0000000059759800 Implicit null exception at 0x00000000033e8964 to 0x00000000033ed8c9
Event: 5624.261 Thread 0x000000005988f800 Implicit null exception at 0x00000000044ed120 to 0x00000000044eda5d
Event: 5625.208 Thread 0x0000000059890800 Implicit null exception at 0x0000000004dcea5c to 0x0000000004dcfd39
Event: 5626.576 Thread 0x000000005975f800 Implicit null exception at 0x00000000040037d5 to 0x0000000004003bb9
Event: 5626.576 Thread 0x000000005975f800 Implicit null exception at 0x00000000032e4e03 to 0x00000000032e4fdd

Events (10 events):
Event: 5627.027 Thread 0x0000000059759800 Uncommon trap: trap_request=0xffffff65 fr.pc=0x0000000002a6ae40
Event: 5627.027 Thread 0x0000000059759800 DEOPT PACKING pc=0x0000000002a6ae40 sp=0x000000005a96bce0
Event: 5627.027 Thread 0x0000000059759800 DEOPT UNPACKING pc=0x000000000266582a sp=0x000000005a96bc60 mode 2
Event: 5627.027 loading class java/security/KeyStore$PrivateKeyEntry
Event: 5627.027 loading class java/security/KeyStore$Entry
Event: 5627.027 loading class java/security/KeyStore$Entry done
Event: 5627.027 loading class java/security/KeyStore$PrivateKeyEntry done
Event: 5627.027 loading class com/android/ide/common/signing/CertificateInfo
Event: 5627.027 loading class com/android/ide/common/signing/CertificateInfo done
Event: 5627.030 Executing VM operation: ParallelGCFailedAllocation


Dynamic libraries:
0x000000013fc70000 - 0x000000013fca7000 	C:\Program Files\Java\jdk1.8.0_92\bin\java.exe
0x0000000077810000 - 0x00000000779b9000 	C:\Windows\SYSTEM32\ntdll.dll
0x00000000776f0000 - 0x000000007780f000 	C:\Windows\system32\kernel32.dll
0x000007fefd780000 - 0x000007fefd7ec000 	C:\Windows\system32\KERNELBASE.dll
0x000007fefdc80000 - 0x000007fefdd5b000 	C:\Windows\system32\ADVAPI32.dll
0x000007feff2c0000 - 0x000007feff35f000 	C:\Windows\system32\msvcrt.dll
0x000007fefeaf0000 - 0x000007fefeb0f000 	C:\Windows\SYSTEM32\sechost.dll
0x000007feff020000 - 0x000007feff14d000 	C:\Windows\system32\RPCRT4.dll
0x00000000775f0000 - 0x00000000776ea000 	C:\Windows\system32\USER32.dll
0x000007feffa20000 - 0x000007feffa87000 	C:\Windows\system32\GDI32.dll
0x000007feff830000 - 0x000007feff83e000 	C:\Windows\system32\LPK.dll
0x000007feff1f0000 - 0x000007feff2b9000 	C:\Windows\system32\USP10.dll
0x000007fefbe10000 - 0x000007fefc004000 	C:\Windows\WinSxS\amd64_microsoft.windows.common-controls_6595b64144ccf1df_6.0.7601.17514_none_fa396087175ac9ac\COMCTL32.dll
0x000007feffa90000 - 0x000007feffb01000 	C:\Windows\system32\SHLWAPI.dll
0x000007fefede0000 - 0x000007fefee0e000 	C:\Windows\system32\IMM32.DLL
0x000007fefdad0000 - 0x000007fefdbd9000 	C:\Windows\system32\MSCTF.dll
0x00000000699c0000 - 0x0000000069a92000 	C:\Program Files\Java\jdk1.8.0_92\jre\bin\msvcr100.dll
0x0000000069120000 - 0x00000000699b6000 	C:\Program Files\Java\jdk1.8.0_92\jre\bin\server\jvm.dll
0x000007fefab10000 - 0x000007fefab19000 	C:\Windows\system32\WSOCK32.dll
0x000007feff360000 - 0x000007feff3ad000 	C:\Windows\system32\WS2_32.dll
0x000007feffb10000 - 0x000007feffb18000 	C:\Windows\system32\NSI.dll
0x000007fefad50000 - 0x000007fefad8b000 	C:\Windows\system32\WINMM.dll
0x000007fefcf70000 - 0x000007fefcf7c000 	C:\Windows\system32\VERSION.dll
0x00000000779e0000 - 0x00000000779e7000 	C:\Windows\system32\PSAPI.DLL
0x000000006db70000 - 0x000000006db7f000 	C:\Program Files\Java\jdk1.8.0_92\jre\bin\verify.dll
0x000000006db40000 - 0x000000006db69000 	C:\Program Files\Java\jdk1.8.0_92\jre\bin\java.dll
0x000000006db20000 - 0x000000006db36000 	C:\Program Files\Java\jdk1.8.0_92\jre\bin\zip.dll
0x000007fefdd60000 - 0x000007fefeae8000 	C:\Windows\system32\SHELL32.dll
0x000007fefee10000 - 0x000007feff013000 	C:\Windows\system32\ole32.dll
0x000007fefd5e0000 - 0x000007fefd5ef000 	C:\Windows\system32\profapi.dll
0x000000006db00000 - 0x000000006db1a000 	C:\Program Files\Java\jdk1.8.0_92\jre\bin\net.dll
0x000007fefcab0000 - 0x000007fefcb05000 	C:\Windows\system32\mswsock.dll
0x000007fefcaa0000 - 0x000007fefcaa7000 	C:\Windows\System32\wship6.dll
0x000000006d610000 - 0x000000006d621000 	C:\Program Files\Java\jdk1.8.0_92\jre\bin\nio.dll
0x000007feed5c0000 - 0x000007feed5d2000 	C:\Users\Todd\.gradle\native\19\windows-amd64\native-platform.dll
0x000007fefcb10000 - 0x000007fefcb27000 	C:\Windows\system32\CRYPTSP.dll
0x000007fefc810000 - 0x000007fefc857000 	C:\Windows\system32\rsaenh.dll
0x000007fefd650000 - 0x000007fefd66e000 	C:\Windows\system32\USERENV.dll
0x000007fefd470000 - 0x000007fefd47f000 	C:\Windows\system32\CRYPTBASE.dll
0x000007fefa7c0000 - 0x000007fefa7e7000 	C:\Windows\system32\IPHLPAPI.DLL
0x000007fefa7b0000 - 0x000007fefa7bb000 	C:\Windows\system32\WINNSI.DLL
0x000007fefa5c0000 - 0x000007fefa5d1000 	C:\Windows\system32\dhcpcsvc6.DLL
0x000007fefa5a0000 - 0x000007fefa5b8000 	C:\Windows\system32\dhcpcsvc.DLL
0x000000006db80000 - 0x000000006db8d000 	C:\Program Files\Java\jdk1.8.0_92\jre\bin\management.dll
0x000007fefd410000 - 0x000007fefd467000 	C:\Windows\system32\apphelp.dll
0x000007fef8510000 - 0x000007fef8635000 	C:\Windows\system32\dbghelp.dll

VM Arguments:
jvm_args: -Xmx1536m -Dfile.encoding=windows-1252 -Duser.country=US -Duser.language=en -Duser.variant 
java_command: org.gradle.launcher.daemon.bootstrap.GradleDaemon 2.14.1
java_class_path (initial): C:\Users\Todd\.gradle\wrapper\dists\gradle-2.14.1-all\8bnwg5hd3w55iofp58khbp6yv\gradle-2.14.1\lib\gradle-launcher-2.14.1.jar
Launcher Type: SUN_STANDARD

Environment Variables:
PATH=C:\ProgramData\Oracle\Java\javapath;C:\Program Files (x86)\Common Files\Microsoft Shared\Windows Live;C:\Windows\system32;C:\Windows;C:\Windows\System32\Wbem;C:\Windows\System32\WindowsPowerShell\v1.0\;C:\Program Files (x86)\NVIDIA Corporation\PhysX\Common;C:\Program Files\Common Files\Microsoft Shared\Windows Live;C:\Program Files (x86)\clisp-2.49
USERNAME=Todd
OS=Windows_NT
PROCESSOR_IDENTIFIER=AMD64 Family 21 Model 1 Stepping 2, AuthenticAMD



---------------  S Y S T E M  ---------------

OS: Windows 7 , 64 bit Build 7601 (6.1.7601.18409)

CPU:total 4 (4 cores per cpu, 1 threads per core) family 21 model 1 stepping 2, cmov, cx8, fxsr, mmx, sse, sse2, sse3, ssse3, sse4.1, sse4.2, popcnt, avx, aes, clmul, mmxext, 3dnowpref, lzcnt, sse4a, tsc, tscinvbit, tscinv

Memory: 4k page, physical 8387700k(2806084k free), swap 16773536k(10472388k free)

vm_info: Java HotSpot(TM) 64-Bit Server VM (25.92-b14) for windows-amd64 JRE (1.8.0_92-b14), built on Mar 31 2016 21:03:04 by "java_re" with MS VC++ 10.0 (VS2010)

time: Fri Sep 30 17:20:32 2016
elapsed time: 5627 seconds (0d 1h 33m 47s)

